07:24:19.257 - No ktor.deployment.watch patterns specified, automatic reload is not active
07:25:50.223 - No ktor.deployment.watch patterns specified, automatic reload is not active
07:26:34.723 - No ktor.deployment.watch patterns specified, automatic reload is not active
07:27:33.004 - No ktor.deployment.watch patterns specified, automatic reload is not active
07:31:54.274 - No ktor.deployment.watch patterns specified, automatic reload is not active
07:31:54.537 - test debug
07:31:55.262 - ["[SQLITE_ERROR] SQL error or missing database (table user already exists)"]
07:31:55.274 - [SimpleRouting] Start to install Routing
07:31:55.296 - [SimpleRouting] Main Path : kim/jeonghyeon/auth/SignDigestApi, SampleSignDigestController
07:31:55.322 - SimpleRouting]     Sub Path : getNonce HttpMethod(value=POST)
07:31:55.322 - SimpleRouting]     Sub Path : makeDigest HttpMethod(value=POST)
07:31:55.322 - SimpleRouting]     Sub Path : signIn HttpMethod(value=POST)
07:31:55.323 - SimpleRouting]     Sub Path : signIn HttpMethod(value=POST)
07:31:55.323 - SimpleRouting]     Sub Path : signOut HttpMethod(value=POST)
07:31:55.323 - SimpleRouting]     Sub Path : signUp HttpMethod(value=POST)
07:31:55.323 - SimpleRouting]     Sub Path : signUpHashed HttpMethod(value=POST)
07:31:55.328 - [SimpleRouting] Main Path : kim/jeonghyeon/auth/SignOAuthApi, SampleSignOAuthController
07:31:55.338 - SimpleRouting]     Sub Path : signIn HttpMethod(value=GET)
07:31:55.338 - SimpleRouting]     Sub Path : signUp HttpMethod(value=GET)
07:31:55.340 - [SimpleRouting] Main Path : kim/jeonghyeon/sample/api/SampleApi, SampleController
07:31:55.346 - SimpleRouting]     Sub Path : addWord HttpMethod(value=POST)
07:31:55.351 - SimpleRouting]     Sub Path : annotation/{id} HttpMethod(value=GET)
07:31:55.351 - SimpleRouting]     Sub Path : getHeader HttpMethod(value=POST)
07:31:55.351 - SimpleRouting]     Sub Path : getToken HttpMethod(value=POST)
07:31:55.351 - SimpleRouting]     Sub Path : getWords HttpMethod(value=POST)
07:31:55.352 - SimpleRouting]     Sub Path : annotation/{id} HttpMethod(value=PUT)
07:31:55.352 - SimpleRouting]     Sub Path : submitPost HttpMethod(value=POST)
07:31:55.354 - [SimpleRouting] Main Path : kim/jeonghyeon/api/PreferenceApi, PreferenceController
07:31:55.355 - SimpleRouting]     Sub Path : getString HttpMethod(value=POST)
07:31:55.356 - SimpleRouting]     Sub Path : setString HttpMethod(value=POST)
07:31:55.358 - [SimpleRouting] Main Path : kim/jeonghyeon/sample/api/UserApi, UserController
07:31:55.360 - SimpleRouting]     Sub Path : getUser HttpMethod(value=POST)
07:31:55.363 - Responding at http://0.0.0.0:8080
07:33:03.876 - No ktor.deployment.watch patterns specified, automatic reload is not active
07:33:05.648 - ["[SQLITE_ERROR] SQL error or missing database (table user already exists)"]
07:33:05.672 - [SimpleRouting] Start to install Routing
07:33:05.708 - [SimpleRouting] Main Path : kim/jeonghyeon/auth/SignDigestApi, SampleSignDigestController
07:33:05.757 - SimpleRouting]     Sub Path : getNonce HttpMethod(value=POST)
07:33:05.758 - SimpleRouting]     Sub Path : makeDigest HttpMethod(value=POST)
07:33:05.758 - SimpleRouting]     Sub Path : signIn HttpMethod(value=POST)
07:33:05.759 - SimpleRouting]     Sub Path : signIn HttpMethod(value=POST)
07:33:05.759 - SimpleRouting]     Sub Path : signOut HttpMethod(value=POST)
07:33:05.760 - SimpleRouting]     Sub Path : signUp HttpMethod(value=POST)
07:33:05.760 - SimpleRouting]     Sub Path : signUpHashed HttpMethod(value=POST)
07:33:05.769 - [SimpleRouting] Main Path : kim/jeonghyeon/auth/SignOAuthApi, SampleSignOAuthController
07:33:05.786 - SimpleRouting]     Sub Path : signIn HttpMethod(value=GET)
07:33:05.787 - SimpleRouting]     Sub Path : signUp HttpMethod(value=GET)
07:33:05.790 - [SimpleRouting] Main Path : kim/jeonghyeon/sample/api/SampleApi, SampleController
07:33:05.801 - SimpleRouting]     Sub Path : addWord HttpMethod(value=POST)
07:33:05.810 - SimpleRouting]     Sub Path : annotation/{id} HttpMethod(value=GET)
07:33:05.811 - SimpleRouting]     Sub Path : getHeader HttpMethod(value=POST)
07:33:05.811 - SimpleRouting]     Sub Path : getToken HttpMethod(value=POST)
07:33:05.811 - SimpleRouting]     Sub Path : getWords HttpMethod(value=POST)
07:33:05.812 - SimpleRouting]     Sub Path : annotation/{id} HttpMethod(value=PUT)
07:33:05.812 - SimpleRouting]     Sub Path : submitPost HttpMethod(value=POST)
07:33:05.815 - [SimpleRouting] Main Path : kim/jeonghyeon/api/PreferenceApi, PreferenceController
07:33:05.817 - SimpleRouting]     Sub Path : getString HttpMethod(value=POST)
07:33:05.817 - SimpleRouting]     Sub Path : setString HttpMethod(value=POST)
07:33:05.820 - [SimpleRouting] Main Path : kim/jeonghyeon/sample/api/UserApi, UserController
07:33:05.823 - SimpleRouting]     Sub Path : getUser HttpMethod(value=POST)
07:33:05.829 - Responding at http://0.0.0.0:8080
07:34:02.089 - No ktor.deployment.watch patterns specified, automatic reload is not active
07:34:02.514 - test debug
07:34:03.460 - ["[SQLITE_ERROR] SQL error or missing database (table user already exists)"]
07:34:03.483 - [SimpleRouting] Start to install Routing
07:34:03.511 - [SimpleRouting] Main Path : kim/jeonghyeon/auth/SignDigestApi, SampleSignDigestController
07:34:03.556 - SimpleRouting]     Sub Path : getNonce HttpMethod(value=POST)
07:34:03.557 - SimpleRouting]     Sub Path : makeDigest HttpMethod(value=POST)
07:34:03.558 - SimpleRouting]     Sub Path : signIn HttpMethod(value=POST)
07:34:03.558 - SimpleRouting]     Sub Path : signIn HttpMethod(value=POST)
07:34:03.559 - SimpleRouting]     Sub Path : signOut HttpMethod(value=POST)
07:34:03.559 - SimpleRouting]     Sub Path : signUp HttpMethod(value=POST)
07:34:03.559 - SimpleRouting]     Sub Path : signUpHashed HttpMethod(value=POST)
07:34:03.568 - [SimpleRouting] Main Path : kim/jeonghyeon/auth/SignOAuthApi, SampleSignOAuthController
07:34:03.587 - SimpleRouting]     Sub Path : signIn HttpMethod(value=GET)
07:34:03.587 - SimpleRouting]     Sub Path : signUp HttpMethod(value=GET)
07:34:03.590 - [SimpleRouting] Main Path : kim/jeonghyeon/sample/api/SampleApi, SampleController
07:34:03.598 - SimpleRouting]     Sub Path : addWord HttpMethod(value=POST)
07:34:03.605 - SimpleRouting]     Sub Path : annotation/{id} HttpMethod(value=GET)
07:34:03.605 - SimpleRouting]     Sub Path : getHeader HttpMethod(value=POST)
07:34:03.606 - SimpleRouting]     Sub Path : getToken HttpMethod(value=POST)
07:34:03.606 - SimpleRouting]     Sub Path : getWords HttpMethod(value=POST)
07:34:03.606 - SimpleRouting]     Sub Path : annotation/{id} HttpMethod(value=PUT)
07:34:03.607 - SimpleRouting]     Sub Path : submitPost HttpMethod(value=POST)
07:34:03.609 - [SimpleRouting] Main Path : kim/jeonghyeon/api/PreferenceApi, PreferenceController
07:34:03.610 - SimpleRouting]     Sub Path : getString HttpMethod(value=POST)
07:34:03.611 - SimpleRouting]     Sub Path : setString HttpMethod(value=POST)
07:34:03.613 - [SimpleRouting] Main Path : kim/jeonghyeon/sample/api/UserApi, UserController
07:34:03.616 - SimpleRouting]     Sub Path : getUser HttpMethod(value=POST)
07:34:03.621 - Responding at http://0.0.0.0:8080
